c:\repos\icg\ray_tracer\ray_tracer\x64\debug\vc143.pdb
c:\repos\icg\ray_tracer\ray_tracer\x64\debug\vc143.idb
c:\repos\icg\ray_tracer\ray_tracer\x64\debug\vec3.obj
c:\repos\icg\ray_tracer\ray_tracer\x64\debug\sphere.obj
c:\repos\icg\ray_tracer\ray_tracer\x64\debug\ray.obj
c:\repos\icg\ray_tracer\ray_tracer\x64\debug\main.obj
c:\repos\icg\ray_tracer\ray_tracer\x64\debug\hitrecord.obj
c:\repos\icg\ray_tracer\ray_tracer\x64\debug\entitylist.obj
c:\repos\icg\ray_tracer\ray_tracer\x64\debug\entity.obj
c:\repos\icg\ray_tracer\ray_tracer\x64\debug\color.obj
c:\repos\icg\ray_tracer\ray_tracer\x64\debug\camera.obj
c:\repos\icg\ray_tracer\ray_tracer\x64\debug\interval.obj
c:\repos\icg\ray_tracer\ray_tracer\x64\debug\whittedtracer.obj
c:\repos\icg\ray_tracer\ray_tracer\x64\debug\scene.obj
c:\repos\icg\ray_tracer\ray_tracer\x64\debug\quad.obj
c:\repos\icg\ray_tracer\ray_tracer\x64\debug\pointlight.obj
c:\repos\icg\ray_tracer\ray_tracer\x64\debug\materialglass.obj
c:\repos\icg\ray_tracer\ray_tracer\x64\debug\material.obj
c:\repos\icg\ray_tracer\ray_tracer\x64\debug\lambertianmaterial.obj
c:\repos\icg\ray_tracer\ray_tracer\x64\debug\ray_tracer.ilk
c:\repos\icg\ray_tracer\x64\debug\ray_tracer.pdb
c:\repos\icg\ray_tracer\ray_tracer\x64\debug\ray_tracer.tlog\cl.command.1.tlog
c:\repos\icg\ray_tracer\ray_tracer\x64\debug\ray_tracer.tlog\cl.items.tlog
c:\repos\icg\ray_tracer\ray_tracer\x64\debug\ray_tracer.tlog\cl.read.1.tlog
c:\repos\icg\ray_tracer\ray_tracer\x64\debug\ray_tracer.tlog\cl.write.1.tlog
c:\repos\icg\ray_tracer\ray_tracer\x64\debug\ray_tracer.tlog\link-cvtres.read.1.tlog
c:\repos\icg\ray_tracer\ray_tracer\x64\debug\ray_tracer.tlog\link-cvtres.write.1.tlog
c:\repos\icg\ray_tracer\ray_tracer\x64\debug\ray_tracer.tlog\link-rc.read.1.tlog
c:\repos\icg\ray_tracer\ray_tracer\x64\debug\ray_tracer.tlog\link-rc.write.1.tlog
c:\repos\icg\ray_tracer\ray_tracer\x64\debug\ray_tracer.tlog\link.13400-cvtres.read.1.tlog
c:\repos\icg\ray_tracer\ray_tracer\x64\debug\ray_tracer.tlog\link.13400-cvtres.write.1.tlog
c:\repos\icg\ray_tracer\ray_tracer\x64\debug\ray_tracer.tlog\link.13400-rc.read.1.tlog
c:\repos\icg\ray_tracer\ray_tracer\x64\debug\ray_tracer.tlog\link.13400-rc.write.1.tlog
c:\repos\icg\ray_tracer\ray_tracer\x64\debug\ray_tracer.tlog\link.13400.read.1.tlog
c:\repos\icg\ray_tracer\ray_tracer\x64\debug\ray_tracer.tlog\link.13400.read.2.tlog
c:\repos\icg\ray_tracer\ray_tracer\x64\debug\ray_tracer.tlog\link.13400.write.1.tlog
c:\repos\icg\ray_tracer\ray_tracer\x64\debug\ray_tracer.tlog\link.command.1.tlog
c:\repos\icg\ray_tracer\ray_tracer\x64\debug\ray_tracer.tlog\link.read.1.tlog
c:\repos\icg\ray_tracer\ray_tracer\x64\debug\ray_tracer.tlog\link.read.2.tlog
c:\repos\icg\ray_tracer\ray_tracer\x64\debug\ray_tracer.tlog\link.secondary.1.tlog
c:\repos\icg\ray_tracer\ray_tracer\x64\debug\ray_tracer.tlog\link.write.1.tlog
